#
# There is insufficient memory for the Java Runtime Environment to continue.
# Native memory allocation (mmap) failed to map 134217728 bytes for Failed to commit area from 0x0000000081e00000 to 0x0000000089e00000 of length 134217728.
# Possible reasons:
#   The system is out of physical RAM or swap space
#   The process is running with CompressedOops enabled, and the Java Heap may be blocking the growth of the native heap
# Possible solutions:
#   Reduce memory load on the system
#   Increase physical memory or swap space
#   Check if swap backing store is full
#   Decrease Java heap size (-Xmx/-Xms)
#   Decrease number of Java threads
#   Decrease Java thread stack sizes (-Xss)
#   Set larger code cache with -XX:ReservedCodeCacheSize=
# This output file may be truncated or incomplete.
#
#  Out of Memory Error (./src/hotspot/os/windows/os_windows.cpp:3521), pid=8308, tid=3932
#
# JRE version:  (11.0.12+7) (build )
# Java VM: OpenJDK 64-Bit Server VM (11.0.12+7-b1504.40, mixed mode, sharing, tiered, compressed oops, g1 gc, windows-amd64)
# No core dump will be written. Minidumps are not enabled by default on client versions of Windows
#

---------------  S U M M A R Y ------------

Command Line: git4idea.http.GitAskPassApp Username for 'https://github.com': 

Host: Intel(R) Core(TM) i7-8550U CPU @ 1.80GHz, 8 cores, 7G,  Windows 10 , 64 bit Build 19041 (10.0.19041.804)
Time: Sat Feb  5 17:28:12 2022 Paris, Madrid elapsed time: 0.013007 seconds (0d 0h 0m 0s)

---------------  T H R E A D  ---------------

Current thread (0x0000026a041dc800):  JavaThread "Unknown thread" [_thread_in_vm, id=3932, stack(0x000000c117100000,0x000000c117200000)]

Stack: [0x000000c117100000,0x000000c117200000]
Native frames: (J=compiled Java code, j=interpreted, Vv=VM code, C=native code)
V  [jvm.dll+0x5ff40a]
V  [jvm.dll+0x783b65]
V  [jvm.dll+0x78517d]
V  [jvm.dll+0x785833]
V  [jvm.dll+0x249408]
V  [jvm.dll+0x5fc7f4]
V  [jvm.dll+0x5f13c5]
V  [jvm.dll+0x3076bb]
V  [jvm.dll+0x30762a]
V  [jvm.dll+0x307502]
V  [jvm.dll+0x30c466]
V  [jvm.dll+0x355543]
V  [jvm.dll+0x355c46]
V  [jvm.dll+0x355643]
V  [jvm.dll+0x2e2018]
V  [jvm.dll+0x2e31c7]
V  [jvm.dll+0x761f57]
V  [jvm.dll+0x76374c]
V  [jvm.dll+0x362ab9]
V  [jvm.dll+0x7455be]
V  [jvm.dll+0x3cb673]
V  [jvm.dll+0x3cda21]
C  [jli.dll+0x536b]
C  [ucrtbase.dll+0x21bb2]
C  [KERNEL32.DLL+0x17034]
C  [ntdll.dll+0x52651]


---------------  P R O C E S S  ---------------

Threads class SMR info:
_java_thread_list=0x0000026a02062c10, length=0, elements={
}

Java Threads: ( => current thread )

Other Threads:
  0x0000026a041f6000 GCTaskThread "GC Thread#0" [stack: 0x000000c117200000,0x000000c117300000] [id=1780]
  0x0000026a0422b000 ConcurrentGCThread "G1 Main Marker" [stack: 0x000000c117300000,0x000000c117400000] [id=16184]
  0x0000026a0422e000 ConcurrentGCThread "G1 Conc#0" [stack: 0x000000c117400000,0x000000c117500000] [id=3440]

[error occurred during error reporting (printing all threads), id 0xc0000005, EXCEPTION_ACCESS_VIOLATION (0xc0000005) at pc=0x00007ffae5a027a7]

VM state:not at safepoint (not fully initialized)

VM Mutex/Monitor currently owned by a thread:  ([mutex/lock_event])
[0x0000026a041da700] Heap_lock - owner thread: 0x0000026a041dc800

Heap address: 0x0000000081e00000, size: 2018 MB, Compressed Oops mode: Non-zero based: 0x0000000081e00000
Narrow klass base: 0x0000000000000000, Narrow klass shift: 0

GC Heap History (0 events):
No events

Deoptimization events (0 events):
No events

Classes redefined (0 events):
No events

Internal exceptions (0 events):
No events

Events (1 events):
Event: 0.007 Loaded shared library C:\Program Files\JetBrains\PyCharm Community Edition 2020.1.2\jbr\bin\zip.dll


Dynamic libraries:
0x00007ff65b330000 - 0x00007ff65b33a000 	C:\Program Files\JetBrains\PyCharm Community Edition 2020.1.2\jbr\bin\java.exe
0x00007ffb36770000 - 0x00007ffb36965000 	C:\WINDOWS\SYSTEM32\ntdll.dll
0x00007ffb365a0000 - 0x00007ffb3665d000 	C:\WINDOWS\System32\KERNEL32.DLL
0x00007ffb34430000 - 0x00007ffb346f8000 	C:\WINDOWS\System32\KERNELBASE.dll
0x00007ffb342b0000 - 0x00007ffb343b0000 	C:\WINDOWS\System32\ucrtbase.dll
0x00007ffb10350000 - 0x00007ffb10369000 	C:\Program Files\JetBrains\PyCharm Community Edition 2020.1.2\jbr\bin\jli.dll
0x00007ffb0f4e0000 - 0x00007ffb0f4f7000 	C:\Program Files\JetBrains\PyCharm Community Edition 2020.1.2\jbr\bin\VCRUNTIME140.dll
0x00007ffb35de0000 - 0x00007ffb35f80000 	C:\WINDOWS\System32\USER32.dll
0x00007ffb34700000 - 0x00007ffb34722000 	C:\WINDOWS\System32\win32u.dll
0x00007ffb35fa0000 - 0x00007ffb35fca000 	C:\WINDOWS\System32\GDI32.dll
0x00007ffb20f80000 - 0x00007ffb2121a000 	C:\WINDOWS\WinSxS\amd64_microsoft.windows.common-controls_6595b64144ccf1df_6.0.19041.844_none_ca00b6081b84eb1d\COMCTL32.dll
0x00007ffb34010000 - 0x00007ffb3411b000 	C:\WINDOWS\System32\gdi32full.dll
0x00007ffb34a90000 - 0x00007ffb34b2e000 	C:\WINDOWS\System32\msvcrt.dll
0x00007ffb34730000 - 0x00007ffb347cd000 	C:\WINDOWS\System32\msvcp_win.dll
0x00007ffb35200000 - 0x00007ffb35230000 	C:\WINDOWS\System32\IMM32.DLL
0x00007ffaf33f0000 - 0x00007ffaf348d000 	C:\Program Files\JetBrains\PyCharm Community Edition 2020.1.2\jbr\bin\msvcp140.dll
0x00007ffae5710000 - 0x00007ffae6268000 	C:\Program Files\JetBrains\PyCharm Community Edition 2020.1.2\jbr\bin\server\jvm.dll
0x00007ffb36660000 - 0x00007ffb3670c000 	C:\WINDOWS\System32\ADVAPI32.dll
0x00007ffb347d0000 - 0x00007ffb3486b000 	C:\WINDOWS\System32\sechost.dll
0x00007ffb350d0000 - 0x00007ffb351fb000 	C:\WINDOWS\System32\RPCRT4.dll
0x00007ffb359e0000 - 0x00007ffb359e8000 	C:\WINDOWS\System32\PSAPI.DLL
0x00007ffb21470000 - 0x00007ffb21497000 	C:\WINDOWS\SYSTEM32\WINMM.dll
0x00007ffb12a00000 - 0x00007ffb12a09000 	C:\WINDOWS\SYSTEM32\WSOCK32.dll
0x00007ffb2d8b0000 - 0x00007ffb2d8ba000 	C:\WINDOWS\SYSTEM32\VERSION.dll
0x00007ffb36480000 - 0x00007ffb364eb000 	C:\WINDOWS\System32\WS2_32.dll
0x00007ffb32740000 - 0x00007ffb32752000 	C:\WINDOWS\SYSTEM32\kernel.appcore.dll
0x00007ffb20290000 - 0x00007ffb202a1000 	C:\Program Files\JetBrains\PyCharm Community Edition 2020.1.2\jbr\bin\verify.dll
0x00007ffb25960000 - 0x00007ffb25b44000 	C:\WINDOWS\SYSTEM32\DBGHELP.DLL
0x00007ffb256d0000 - 0x00007ffb256fc000 	C:\WINDOWS\SYSTEM32\dbgcore.DLL
0x00007ffb341d0000 - 0x00007ffb34250000 	C:\WINDOWS\System32\bcryptPrimitives.dll
0x00007ffb0cfc0000 - 0x00007ffb0cfe9000 	C:\Program Files\JetBrains\PyCharm Community Edition 2020.1.2\jbr\bin\java.dll
0x00007ffb23870000 - 0x00007ffb2387b000 	C:\Program Files\JetBrains\PyCharm Community Edition 2020.1.2\jbr\bin\jimage.dll
0x00007ffb20270000 - 0x00007ffb20288000 	C:\Program Files\JetBrains\PyCharm Community Edition 2020.1.2\jbr\bin\zip.dll

dbghelp: loaded successfully - version: 4.0.5 - missing functions: none
symbol engine: initialized successfully - sym options: 0x614 - pdb path: .;C:\Program Files\JetBrains\PyCharm Community Edition 2020.1.2\jbr\bin;C:\WINDOWS\SYSTEM32;C:\WINDOWS\WinSxS\amd64_microsoft.windows.common-controls_6595b64144ccf1df_6.0.19041.844_none_ca00b6081b84eb1d;C:\Program Files\JetBrains\PyCharm Community Edition 2020.1.2\jbr\bin\server

VM Arguments:
java_command: git4idea.http.GitAskPassApp Username for 'https://github.com': 
java_class_path (initial): C:/Program Files/JetBrains/PyCharm Community Edition 2020.1.2/plugins/git4idea/lib/git4idea-rt.jar;C:/Program Files/JetBrains/PyCharm Community Edition 2020.1.2/lib/3rd-party.jar
Launcher Type: SUN_STANDARD

[Global flags]
     intx CICompilerCount                          = 4                                         {product} {ergonomic}
     uint ConcGCThreads                            = 2                                         {product} {ergonomic}
     uint G1ConcRefinementThreads                  = 8                                         {product} {ergonomic}
   size_t G1HeapRegionSize                         = 1048576                                   {product} {ergonomic}
    uintx GCDrainStackTargetSize                   = 64                                        {product} {ergonomic}
   size_t InitialHeapSize                          = 134217728                                 {product} {ergonomic}
   size_t MarkStackSize                            = 4194304                                   {product} {ergonomic}
   size_t MaxHeapSize                              = 2116026368                                {product} {ergonomic}
   size_t MinHeapDeltaBytes                        = 1048576                                   {product} {ergonomic}
    uintx NonNMethodCodeHeapSize                   = 5836300                                {pd product} {ergonomic}
    uintx NonProfiledCodeHeapSize                  = 122910970                              {pd product} {ergonomic}
    uintx ProfiledCodeHeapSize                     = 122910970                              {pd product} {ergonomic}
    uintx ReservedCodeCacheSize                    = 251658240                              {pd product} {ergonomic}
     bool SegmentedCodeCache                       = true                                      {product} {ergonomic}
     bool UseCompressedClassPointers               = true                                 {lp64_product} {ergonomic}
     bool UseCompressedOops                        = true                                 {lp64_product} {ergonomic}
     bool UseG1GC                                  = true                                      {product} {ergonomic}
     bool UseLargePagesIndividualAllocation        = false                                  {pd product} {ergonomic}

Logging:
Log output configuration:
 #0: stdout all=warning uptime,level,tags
 #1: stderr all=off uptime,level,tags

Environment Variables:
JAVA_HOME=C:\Program Files\Java\jdk-13\bin
JRE_HOME=C:\Program Files (x86)\Java\jre1.8.0_241
PATH=C:/Program Files/Git/mingw64/libexec/git-core;C:/Program Files/Git/mingw64/libexec/git-core;C:\Program Files\Git\mingw64\bin;C:\Program Files\Git\usr\bin;C:\Users\pc\bin;C:\Users\pc\anaconda3\envs\CourseEnv;C:\Users\pc\anaconda3\envs\CourseEnv\Library\mingw-w64\bin;C:\Users\pc\anaconda3\envs\CourseEnv\Library\usr\bin;C:\Users\pc\anaconda3\envs\CourseEnv\Library\bin;C:\Users\pc\anaconda3\envs\CourseEnv\Scripts;C:\Users\pc\anaconda3\envs\CourseEnv\bin;C:\Users\pc\anaconda3\condabin;C:\Program Files (x86)\Common Files\Oracle\Java\javapath;C:\Python39\Scripts;C:\Python39;C:\Program Files (x86)\Intel\Intel(R) Management Engine Components\iCLS;C:\Program Files\Intel\Intel(R) Management Engine Components\iCLS;C:\Windows\system32;C:\Windows;C:\Windows\System32\Wbem;C:\Windows\System32\WindowsPowerShell\v1.0;C:\Windows\System32\OpenSSH;C:\Program Files (x86)\Intel\Intel(R) Management Engine Components\DAL;C:\Program Files\Intel\Intel(R) Management Engine Components\DAL;C:\Program Files\NVIDIA Corporation\NVIDIA NvDLISR;";C:\Program Files\Java\jdk-11.0.2\bin";C:\Users\pc\Desktop\runtime\win64;C:\Users\pc\Desktop\bin;C:\Program Files\MATLAB\R2018a\runtime\win64;C:\Program Files\MATLAB\R2018a\bin;C:\Program Files (x86)\NVIDIA Corporation\PhysX\Common;C:\Program Files\dotnet;C:\Program Files\Microsoft SQL Server\130\Tools\Binn;C:\Program Files\Microsoft SQL Server\Client SDK\ODBC\170\Tools\Binn;C:\Program Files\Java\jdk-13\bin;C:\Users\pc\Documents\PFA\logiciel;C:\Program Files\nodejs;C:\ProgramData\chocolatey\bin;C:\Program Files\Git\cmd;C:\WINDOWS\system32;C:\WINDOWS;C:\WINDOWS\System32\Wbem;C:\WINDOWS\System32\WindowsPowerShell\v1.0;C:\WINDOWS\System32\OpenSSH;C:\Users\pc\Desktop\apache-opennlp-1.9.3-bin\apache-opennlp-1.9.3\bin;C:\Program Files\MySQL\MySQL Server 8.0\bin;C:\Users\pc\Downloads\fop-2.6-bin\fop-2.6\fop;C:\msys64\mingw64\bin;C:\Program Files\MongoDB\Server\5.0\bin;C:\Program Files\MySQL\MySQL Shell 8.0\bin;C:\Users\pc\AppData\Local\Microsoft\WindowsApps;";C:\P
USERNAME=pc
DISPLAY=:0.0
LC_ALL=en_US.UTF-8
OS=Windows_NT
PROCESSOR_IDENTIFIER=Intel64 Family 6 Model 142 Stepping 10, GenuineIntel



---------------  S Y S T E M  ---------------

OS: Windows 10 , 64 bit Build 19041 (10.0.19041.804)
OS uptime: 1 days 5:44 hours
Hyper-V role detected

CPU:total 8 (initial active 8) (4 cores per cpu, 2 threads per core) family 6 model 142 stepping 10 microcode 0xe0, cmov, cx8, fxsr, mmx, sse, sse2, sse3, ssse3, sse4.1, sse4.2, popcnt, avx, avx2, aes, clmul, erms, 3dnowpref, lzcnt, ht, tsc, tscinvbit, bmi1, bmi2, adx, fma

Memory: 4k page, system-wide physical 8066M (603M free)
TotalPageFile size 11366M (AvailPageFile size 68M)
current process WorkingSet (physical memory assigned to process): 10M, peak: 10M
current process commit charge ("private bytes"): 60M, peak: 187M

vm_info: OpenJDK 64-Bit Server VM (11.0.12+7-b1504.40) for windows-amd64 JRE (11.0.12+7-b1504.40), built on Sep 23 2021 14:38:03 by "" with MS VC++ 14.0 (VS2015)

END.
